2023-01-07 22:50:59,194 [Worker-2: Loading available Gradle versions] INFO  o.e.b.c.i.u.g.PublishedGradleVersions - Gradle version information cache is up-to-date. Trying to read.
2023-01-07 22:51:28,282 [Worker-0: Importing Maven projects] INFO  o.e.m.c.i.l.LifecycleMappingFactory - Using org.eclipse.m2e.jdt.JarLifecycleMapping lifecycle mapping for MavenProject: com.greatlearning.TicketTracker:spring-ticket-tracker-demo:0.0.1-SNAPSHOT @ C:\Users\DOCGaming\Downloads\G4AB4_BED_GradedProjecy3\pom.xml.
2023-01-07 22:51:30,344 [Worker-0: Importing Maven projects] INFO  o.e.m.j.i.AbstractJavaProjectConfigurator - Adding source folder /spring-ticket-tracker-demo/src/main/java
2023-01-07 22:51:30,345 [Worker-0: Importing Maven projects] INFO  o.e.m.j.i.AbstractJavaProjectConfigurator - Adding resource folder /spring-ticket-tracker-demo/src/main/resources
2023-01-07 22:51:30,348 [Worker-0: Importing Maven projects] INFO  o.e.m.j.i.AbstractJavaProjectConfigurator - Adding resource folder /spring-ticket-tracker-demo/src/main/resources
2023-01-07 22:51:30,350 [Worker-0: Importing Maven projects] INFO  o.e.m.j.i.AbstractJavaProjectConfigurator - Adding source folder /spring-ticket-tracker-demo/src/test/java
2023-01-07 22:51:31,897 [Worker-0: Importing Maven projects] INFO  o.e.m.c.i.p.ProjectConfigurationManager - Imported and configured 1 project(s) in 8 sec
2023-01-07 22:51:35,063 [Worker-6: Building] INFO  o.e.m.c.i.embedder.EclipseLogger - Using 'UTF-8' encoding to copy filtered resources.
2023-01-07 22:51:35,063 [Worker-6: Building] INFO  o.e.m.c.i.embedder.EclipseLogger - Using 'UTF-8' encoding to copy filtered properties files.
2023-01-07 22:51:35,071 [Worker-6: Building] INFO  o.e.m.c.i.embedder.EclipseLogger - Copying 1 resource
2023-01-07 22:51:35,112 [Worker-6: Building] INFO  o.e.m.c.i.embedder.EclipseLogger - Copying 9 resources
2023-01-07 22:51:35,122 [Worker-6: Building] INFO  o.e.m.c.i.embedder.EclipseLogger - Using 'UTF-8' encoding to copy filtered resources.
2023-01-07 22:51:35,122 [Worker-6: Building] INFO  o.e.m.c.i.embedder.EclipseLogger - Using 'UTF-8' encoding to copy filtered properties files.
2023-01-07 22:51:35,123 [Worker-6: Building] INFO  o.e.m.c.i.embedder.EclipseLogger - skip non existing resourceDirectory C:\Users\DOCGaming\Downloads\G4AB4_BED_GradedProjecy3\src\test\resources
2023-01-07 22:51:42,714 [Worker-8: Building] INFO  o.e.m.c.i.embedder.EclipseLogger - Using 'UTF-8' encoding to copy filtered resources.
2023-01-07 22:51:42,715 [Worker-8: Building] INFO  o.e.m.c.i.embedder.EclipseLogger - Using 'UTF-8' encoding to copy filtered properties files.
2023-01-07 22:51:42,716 [Worker-8: Building] INFO  o.e.m.c.i.embedder.EclipseLogger - Copying 1 resource
2023-01-07 22:51:42,720 [Worker-8: Building] INFO  o.e.m.c.i.embedder.EclipseLogger - Copying 9 resources
2023-01-07 22:51:42,777 [Worker-8: Building] INFO  o.e.m.c.i.embedder.EclipseLogger - Using 'UTF-8' encoding to copy filtered resources.
2023-01-07 22:51:42,778 [Worker-8: Building] INFO  o.e.m.c.i.embedder.EclipseLogger - Using 'UTF-8' encoding to copy filtered properties files.
2023-01-07 22:51:42,778 [Worker-8: Building] INFO  o.e.m.c.i.embedder.EclipseLogger - skip non existing resourceDirectory C:\Users\DOCGaming\Downloads\G4AB4_BED_GradedProjecy3\src\test\resources
2023-01-07 22:51:53,683 [Worker-2: Updating Maven Project] INFO  o.e.m.c.i.p.ProjectConfigurationManager - Update started
2023-01-07 22:51:54,872 [Worker-2: Updating Maven Project] INFO  o.e.m.c.i.l.LifecycleMappingFactory - Using org.eclipse.m2e.jdt.JarLifecycleMapping lifecycle mapping for MavenProject: com.greatlearning.TicketTracker:spring-ticket-tracker-demo:0.0.1-SNAPSHOT @ C:\Users\DOCGaming\Downloads\G4AB4_BED_GradedProjecy3\pom.xml.
2023-01-07 22:51:56,174 [Worker-2: Updating Maven Project] INFO  o.e.m.j.i.AbstractJavaProjectConfigurator - Adding source folder /spring-ticket-tracker-demo/src/main/java
2023-01-07 22:51:56,175 [Worker-2: Updating Maven Project] INFO  o.e.m.j.i.AbstractJavaProjectConfigurator - Adding resource folder /spring-ticket-tracker-demo/src/main/resources
2023-01-07 22:51:56,176 [Worker-2: Updating Maven Project] INFO  o.e.m.j.i.AbstractJavaProjectConfigurator - Adding resource folder /spring-ticket-tracker-demo/src/main/resources
2023-01-07 22:51:56,179 [Worker-2: Updating Maven Project] INFO  o.e.m.j.i.AbstractJavaProjectConfigurator - Adding source folder /spring-ticket-tracker-demo/src/test/java
2023-01-07 22:51:56,711 [Worker-2: Updating Maven Project] INFO  o.e.m.c.i.p.ProjectConfigurationManager - Update completed: 3 sec
2023-01-07 22:51:58,577 [Worker-12: Building] INFO  o.e.m.c.i.embedder.EclipseLogger - Using 'UTF-8' encoding to copy filtered resources.
2023-01-07 22:51:58,578 [Worker-12: Building] INFO  o.e.m.c.i.embedder.EclipseLogger - Using 'UTF-8' encoding to copy filtered properties files.
2023-01-07 22:51:58,579 [Worker-12: Building] INFO  o.e.m.c.i.embedder.EclipseLogger - Copying 1 resource
2023-01-07 22:51:58,619 [Worker-12: Building] INFO  o.e.m.c.i.embedder.EclipseLogger - Copying 9 resources
2023-01-07 22:51:58,694 [Worker-12: Building] INFO  o.e.m.c.i.embedder.EclipseLogger - Using 'UTF-8' encoding to copy filtered resources.
2023-01-07 22:51:58,695 [Worker-12: Building] INFO  o.e.m.c.i.embedder.EclipseLogger - Using 'UTF-8' encoding to copy filtered properties files.
2023-01-07 22:51:58,695 [Worker-12: Building] INFO  o.e.m.c.i.embedder.EclipseLogger - skip non existing resourceDirectory C:\Users\DOCGaming\Downloads\G4AB4_BED_GradedProjecy3\src\test\resources
